#
# There is insufficient memory for the Java Runtime Environment to continue.
# Native memory allocation (mmap) failed to map 257949696 bytes. Error detail: G1 virtual space
# Possible reasons:
#   The system is out of physical RAM or swap space
#   This process is running with CompressedOops enabled, and the Java Heap may be blocking the growth of the native heap
# Possible solutions:
#   Reduce memory load on the system
#   Increase physical memory or swap space
#   Check if swap backing store is full
#   Decrease Java heap size (-Xmx/-Xms)
#   Decrease number of Java threads
#   Decrease Java thread stack sizes (-Xss)
#   Set larger code cache with -XX:ReservedCodeCacheSize=
#   JVM is running with Zero Based Compressed Oops mode in which the Java heap is
#     placed in the first 32GB address space. The Java Heap base address is the
#     maximum limit for the native heap growth. Please use -XX:HeapBaseMinAddress
#     to set the Java Heap base and to place the Java Heap above 32GB virtual address.
# This output file may be truncated or incomplete.
#
#  Out of Memory Error (os_windows.cpp:3616), pid=21600, tid=19996
#
# JRE version:  (21.0.5+11) (build )
# Java VM: OpenJDK 64-Bit Server VM (21.0.5+11-LTS, mixed mode, emulated-client, sharing, tiered, compressed oops, compressed class ptrs, g1 gc, windows-amd64)
# No core dump will be written. Minidumps are not enabled by default on client versions of Windows
#

---------------  S U M M A R Y ------------

Command Line: -XX:TieredStopAtLevel=1 -Dspring.output.ansi.enabled=always -Dcom.sun.management.jmxremote -Dspring.jmx.enabled=true -Dspring.liveBeansView.mbeanDomain -Dspring.application.admin.enabled=true -Dmanagement.endpoints.jmx.exposure.include=* -javaagent:C:\Program Files\JetBrains\IntelliJIdea2024.1\lib\idea_rt.jar=64397:C:\Program Files\JetBrains\IntelliJIdea2024.1\bin -Dfile.encoding=UTF-8 -Dsun.stdout.encoding=UTF-8 -Dsun.stderr.encoding=UTF-8 org.example.telegramservice.TelegramServiceApplication

Host: AMD Ryzen 5 5500U with Radeon Graphics         , 12 cores, 15G,  Windows 11 , 64 bit Build 22621 (10.0.22621.4391)
Time: Sat Jan  4 14:45:19 2025 Russia TZ 4 Standard Time elapsed time: 0.012049 seconds (0d 0h 0m 0s)

---------------  T H R E A D  ---------------

Current thread (0x000002d31d3b8090):  JavaThread "Unknown thread" [_thread_in_vm, id=19996, stack(0x000000fefce00000,0x000000fefcf00000) (1024K)]

Stack: [0x000000fefce00000,0x000000fefcf00000]
Native frames: (J=compiled Java code, j=interpreted, Vv=VM code, C=native code)
V  [jvm.dll+0x6cd4e9]
V  [jvm.dll+0x8a7941]
V  [jvm.dll+0x8a9e6e]
V  [jvm.dll+0x8aa543]
V  [jvm.dll+0x27f6d6]
V  [jvm.dll+0x6c9c25]
V  [jvm.dll+0x6be84a]
V  [jvm.dll+0x355c6a]
V  [jvm.dll+0x35d836]
V  [jvm.dll+0x3af40e]
V  [jvm.dll+0x3af6b8]
V  [jvm.dll+0x329dfc]
V  [jvm.dll+0x32a95b]
V  [jvm.dll+0x870ba9]
V  [jvm.dll+0x3bc1e1]
V  [jvm.dll+0x859cd3]
V  [jvm.dll+0x4504ee]
V  [jvm.dll+0x452131]
C  [jli.dll+0x5278]
C  [ucrtbase.dll+0x29333]
C  [KERNEL32.DLL+0x1259d]
C  [ntdll.dll+0x5af38]


---------------  P R O C E S S  ---------------

Threads class SMR info:
_java_thread_list=0x00007ffbf6ba90c8, length=0, elements={
}

Java Threads: ( => current thread )
Total: 0

Other Threads:
  0x000002d31d67c5e0 WorkerThread "GC Thread#0"                     [id=4504, stack(0x000000fefcf00000,0x000000fefd000000) (1024K)]
  0x000002d31d68cb80 ConcurrentGCThread "G1 Main Marker"            [id=3708, stack(0x000000fefd000000,0x000000fefd100000) (1024K)]
  0x000002d31d68fb40 WorkerThread "G1 Conc#0"                       [id=7932, stack(0x000000fefd100000,0x000000fefd200000) (1024K)]

[error occurred during error reporting (printing all threads), id 0xc0000005, EXCEPTION_ACCESS_VIOLATION (0xc0000005) at pc=0x00007ffbf62ac727]
VM state: not at safepoint (not fully initialized)

VM Mutex/Monitor currently owned by a thread:  ([mutex/lock_event])
[0x00007ffbf6c1d480] Heap_lock - owner thread: 0x000002d31d3b8090

Heap address: 0x000000070a400000, size: 3932 MB, Compressed Oops mode: Zero based, Oop shift amount: 3

CDS archive(s) mapped at: [0x0000000000000000-0x0000000000000000-0x0000000000000000), size 0, SharedBaseAddress: 0x0000000800000000, ArchiveRelocationMode: 1.
Narrow klass base: 0x0000000000000000, Narrow klass shift: 0, Narrow klass range: 0x0

GC Precious Log:
 CardTable entry size: 512
 Card Set container configuration: InlinePtr #cards 4 size 8 Array Of Cards #cards 16 size 48 Howl #buckets 8 coarsen threshold 3686 Howl Bitmap #cards 512 size 80 coarsen threshold 460 Card regions per heap region 1 cards per card region 4096

Heap:
 garbage-first heap   total 0K, used 0K [0x000000070a400000, 0x0000000800000000)
  region size 2048K, 0 young (0K), 0 survivors (0K)

[error occurred during error reporting (printing heap information), id 0xc0000005, EXCEPTION_ACCESS_VIOLATION (0xc0000005) at pc=0x00007ffbf6696f49]
GC Heap History (0 events):
No events

Dll operation events (1 events):
Event: 0.008 Loaded shared library C:\Users\Danila\.jdks\temurin-21.0.5\bin\java.dll

Deoptimization events (0 events):
No events

Classes loaded (0 events):
No events

Classes unloaded (0 events):
No events

Classes redefined (0 events):
No events

Internal exceptions (0 events):
No events

ZGC Phase Switch (0 events):
No events

VM Operations (0 events):
No events

Memory protections (0 events):
No events

Nmethod flushes (0 events):
No events

Events (0 events):
No events


Dynamic libraries:
0x00007ff744f60000 - 0x00007ff744f6e000 	C:\Users\Danila\.jdks\temurin-21.0.5\bin\java.exe
0x00007ffc59230000 - 0x00007ffc59447000 	C:\Windows\SYSTEM32\ntdll.dll
0x00007ffc58050000 - 0x00007ffc58114000 	C:\Windows\System32\KERNEL32.DLL
0x00007ffc56b40000 - 0x00007ffc56efa000 	C:\Windows\System32\KERNELBASE.dll
0x00007ffc566f0000 - 0x00007ffc56801000 	C:\Windows\System32\ucrtbase.dll
0x00007ffc07530000 - 0x00007ffc0754e000 	C:\Users\Danila\.jdks\temurin-21.0.5\bin\VCRUNTIME140.dll
0x00007ffc27760000 - 0x00007ffc27778000 	C:\Users\Danila\.jdks\temurin-21.0.5\bin\jli.dll
0x00007ffc59010000 - 0x00007ffc591be000 	C:\Windows\System32\USER32.dll
0x00007ffc40600000 - 0x00007ffc40892000 	C:\Windows\WinSxS\amd64_microsoft.windows.common-controls_6595b64144ccf1df_6.0.22621.4541_none_2710d1c57384c085\COMCTL32.dll
0x00007ffc56810000 - 0x00007ffc56836000 	C:\Windows\System32\win32u.dll
0x00007ffc58650000 - 0x00007ffc586f7000 	C:\Windows\System32\msvcrt.dll
0x00007ffc57050000 - 0x00007ffc57079000 	C:\Windows\System32\GDI32.dll
0x00007ffc569a0000 - 0x00007ffc56abb000 	C:\Windows\System32\gdi32full.dll
0x00007ffc56900000 - 0x00007ffc5699a000 	C:\Windows\System32\msvcp_win.dll
0x00007ffc57010000 - 0x00007ffc57041000 	C:\Windows\System32\IMM32.DLL
0x00007ffc347b0000 - 0x00007ffc347bc000 	C:\Users\Danila\.jdks\temurin-21.0.5\bin\vcruntime140_1.dll
0x00007ffc009c0000 - 0x00007ffc00a4d000 	C:\Users\Danila\.jdks\temurin-21.0.5\bin\msvcp140.dll
0x00007ffbf5f70000 - 0x00007ffbf6cff000 	C:\Users\Danila\.jdks\temurin-21.0.5\bin\server\jvm.dll
0x00007ffc584b0000 - 0x00007ffc58562000 	C:\Windows\System32\ADVAPI32.dll
0x00007ffc57bd0000 - 0x00007ffc57c77000 	C:\Windows\System32\sechost.dll
0x00007ffc564d0000 - 0x00007ffc564f8000 	C:\Windows\System32\bcrypt.dll
0x00007ffc57ab0000 - 0x00007ffc57bc4000 	C:\Windows\System32\RPCRT4.dll
0x00007ffc58f10000 - 0x00007ffc58f81000 	C:\Windows\System32\WS2_32.dll
0x00007ffc55e40000 - 0x00007ffc55e8d000 	C:\Windows\SYSTEM32\POWRPROF.dll
0x00007ffc4cce0000 - 0x00007ffc4ccea000 	C:\Windows\SYSTEM32\VERSION.dll
0x00007ffc51bd0000 - 0x00007ffc51c04000 	C:\Windows\SYSTEM32\WINMM.dll
0x00007ffc55de0000 - 0x00007ffc55df3000 	C:\Windows\SYSTEM32\UMPDC.dll
0x00007ffc55470000 - 0x00007ffc55488000 	C:\Windows\SYSTEM32\kernel.appcore.dll
0x00007ffc33920000 - 0x00007ffc3392a000 	C:\Users\Danila\.jdks\temurin-21.0.5\bin\jimage.dll
0x00007ffc53a90000 - 0x00007ffc53cc2000 	C:\Windows\SYSTEM32\DBGHELP.DLL
0x00007ffc58b80000 - 0x00007ffc58f0f000 	C:\Windows\System32\combase.dll
0x00007ffc58360000 - 0x00007ffc58437000 	C:\Windows\System32\OLEAUT32.dll
0x00007ffc468b0000 - 0x00007ffc468e2000 	C:\Windows\SYSTEM32\dbgcore.DLL
0x00007ffc56ac0000 - 0x00007ffc56b3b000 	C:\Windows\System32\bcryptPrimitives.dll
0x00007ffc525d0000 - 0x00007ffc525df000 	C:\Users\Danila\.jdks\temurin-21.0.5\bin\instrument.dll
0x00007ffc072e0000 - 0x00007ffc072ff000 	C:\Users\Danila\.jdks\temurin-21.0.5\bin\java.dll

dbghelp: loaded successfully - version: 4.0.5 - missing functions: none
symbol engine: initialized successfully - sym options: 0x614 - pdb path: .;C:\Users\Danila\.jdks\temurin-21.0.5\bin;C:\Windows\SYSTEM32;C:\Windows\WinSxS\amd64_microsoft.windows.common-controls_6595b64144ccf1df_6.0.22621.4541_none_2710d1c57384c085;C:\Users\Danila\.jdks\temurin-21.0.5\bin\server

VM Arguments:
jvm_args: -XX:TieredStopAtLevel=1 -Dspring.output.ansi.enabled=always -Dcom.sun.management.jmxremote -Dspring.jmx.enabled=true -Dspring.liveBeansView.mbeanDomain -Dspring.application.admin.enabled=true -Dmanagement.endpoints.jmx.exposure.include=* -javaagent:C:\Program Files\JetBrains\IntelliJIdea2024.1\lib\idea_rt.jar=64397:C:\Program Files\JetBrains\IntelliJIdea2024.1\bin -Dfile.encoding=UTF-8 -Dsun.stdout.encoding=UTF-8 -Dsun.stderr.encoding=UTF-8 
java_command: org.example.telegramservice.TelegramServiceApplication
java_class_path (initial): C:\Users\Danila\YandexDisk-stud0000280269@utmn.ru\Projects\JavaProjects\TelegramGuessGame\telegram-service\target\classes;C:\Users\Danila\.m2\repository\org\springframework\boot\spring-boot-starter-web\3.4.1\spring-boot-starter-web-3.4.1.jar;C:\Users\Danila\.m2\repository\org\springframework\boot\spring-boot-starter\3.4.1\spring-boot-starter-3.4.1.jar;C:\Users\Danila\.m2\repository\org\springframework\boot\spring-boot-starter-logging\3.4.1\spring-boot-starter-logging-3.4.1.jar;C:\Users\Danila\.m2\repository\ch\qos\logback\logback-classic\1.5.12\logback-classic-1.5.12.jar;C:\Users\Danila\.m2\repository\ch\qos\logback\logback-core\1.5.12\logback-core-1.5.12.jar;C:\Users\Danila\.m2\repository\org\apache\logging\log4j\log4j-to-slf4j\2.24.3\log4j-to-slf4j-2.24.3.jar;C:\Users\Danila\.m2\repository\org\apache\logging\log4j\log4j-api\2.24.3\log4j-api-2.24.3.jar;C:\Users\Danila\.m2\repository\org\slf4j\jul-to-slf4j\2.0.16\jul-to-slf4j-2.0.16.jar;C:\Users\Danila\.m2\repository\jakarta\annotation\jakarta.annotation-api\2.1.1\jakarta.annotation-api-2.1.1.jar;C:\Users\Danila\.m2\repository\org\yaml\snakeyaml\2.3\snakeyaml-2.3.jar;C:\Users\Danila\.m2\repository\org\springframework\boot\spring-boot-starter-json\3.4.1\spring-boot-starter-json-3.4.1.jar;C:\Users\Danila\.m2\repository\com\fasterxml\jackson\datatype\jackson-datatype-jdk8\2.18.2\jackson-datatype-jdk8-2.18.2.jar;C:\Users\Danila\.m2\repository\com\fasterxml\jackson\datatype\jackson-datatype-jsr310\2.18.2\jackson-datatype-jsr310-2.18.2.jar;C:\Users\Danila\.m2\repository\com\fasterxml\jackson\module\jackson-module-parameter-names\2.18.2\jackson-module-parameter-names-2.18.2.jar;C:\Users\Danila\.m2\repository\org\springframework\boot\spring-boot-starter-tomcat\3.4.1\spring-boot-starter-tomcat-3.4.1.jar;C:\Users\Danila\.m2\repository\org\apache\tomcat\embed\tomcat-embed-core\10.1.34\tomcat-embed-core-10.1.34.jar;C:\Users\Danila\.m2\repository\org\apache\tomcat\embed\tomcat-embed-el\10.1.34\tomcat-embed-el-10.1.34.jar;C:\Users\Danila\.m2\repository\org\apache\tomcat\embed\tomcat-embed-websocket\10.1.34\tomcat-embed-websocket-10.1.34.jar;C:\Users\Danila\.m2\repository\org\springframework\spring-web\6.2.1\spring-web-6.2.1.jar;C:\Users\Danila\.m2\repository\org\springframework\spring-beans\6.2.1\spring-beans-6.2.1.jar;C:\Users\Danila\.m2\repository\io\micrometer\micrometer-observation\1.14.2\micrometer-observation-1.14.2.jar;C:\Users\Danila\.m2\repository\io\micrometer\micrometer-commons\1.14.2\micrometer-commons-1.14.2.jar;C:\Users\Danila\.m2\repository\org\springframework\spring-webmvc\6.2.1\spring-webmvc-6.2.1.jar;C:\Users\Danila\.m2\repository\org\springframework\spring-aop\6.2.1\spring-aop-6.2.1.jar;C:\Users\Danila\.m2\repository\org\springframework\spring-context\6.2.1\spring-context-6.2.1.jar;C:\Users\Danila\.m2\repository\org\springframework\spring-expression\6.2.1\spring-expression-6.2.1.jar;C:\Users\Danila\.m2\repository\org\springframework\cloud\spring-cloud-starter-netflix-eureka-client\4.2.0\spring-cloud-starter-netflix-eureka-client-4.2.0.jar;C:\Users\Danila\.m2\repository\org\springframework\cloud\spring-cloud-starter\4.2.0\spring-cloud-starter-4.2.0.jar;C:\Users\Danila\.m2\repository\org\springframework\cloud\spring-cloud-context\4.2.0\spring-cloud-context-4.2.0.jar;C:\Users\Danila\.m2\repository\org\springframework\security\spring-security-crypto\6.4.2\spring-security-crypto-6.4.2.jar;C:\Users\Danila\.m2\repository\org\springframework\cloud\spring-cloud-commons\4.2.0\spring-cloud-commons-4.2.0.jar;C:\Users\Danila\.m2\repository\org\bouncycastle\bcprov-jdk18on\1.78.1\bcprov-jdk18on-1.78.1.jar;C:\Users\Danila\.m2\repository\org\springframework\cloud\spring-cloud-netflix-eureka-client\4.2.0\spring-cloud-netflix-eureka-client-4.2.0.jar;C:\Users\Danila\.m2\repository\org\apache\httpcomponents\client5\httpclient5\5.4.1\httpclient5-5.4.1.jar;C:\Users\Danila\.m2\repository\org\apache\httpcomponents\core5\httpcore5\5.3.1\httpcore5-5.3.1.jar;C:\Users\Danila\.m2\repository\org\apache\httpcomponents\core5\httpcore5-h2\5.3.1\httpcore5-h2-5.3.1.jar;C:\Users\Danila\.m2\repository\com\netflix\eureka\eureka-client\2.0.4\eureka-client-2.0.4.jar;C:\Users\Danila\.m2\repository\com\thoughtworks\xstream\xstream\1.4.20\xstream-1.4.20.jar;C:\Users\Danila\.m2\repository\io\github\x-stream\mxparser\1.2.2\mxparser-1.2.2.jar;C:\Users\Danila\.m2\repository\xmlpull\xmlpull\1.1.3.1\xmlpull-1.1.3.1.jar;C:\Users\Danila\.m2\repository\jakarta\ws\rs\jakarta.ws.rs-api\3.1.0\jakarta.ws.rs-api-3.1.0.jar;C:\Users\Danila\.m2\repository\jakarta\inject\jakarta.inject-api\2.0.1\jakarta.inject-api-2.0.1.jar;C:\Users\Danila\.m2\repository\com\netflix\spectator\spectator-api\1.7.3\spectator-api-1.7.3.jar;C:\Users\Danila\.m2\repository\commons-configuration\commons-configuration\1.10\commons-configuration-1.10.jar;C:\Users\Danila\.m2\repository\commons-lang\commons-lang\2.6\commons-lang-2.6.jar;C:\Users\Danila\.m2\repository\com\fasterxml\jackson\core\jackson-annotations\2.18.2\jackson-annotations-2.18.2.jar;C:\Users\Danila\.m2\repository\com\fasterxml\jackson\core\jackson-core\2.18.2\jackson-core-2.18.2.jar;C:\Users\Danila\.m2\repository\com\netflix\netflix-commons\netflix-eventbus\0.3.0\netflix-eventbus-0.3.0.jar;C:\Users\Danila\.m2\repository\com\netflix\netflix-commons\netflix-infix\0.3.0\netflix-infix-0.3.0.jar;C:\Users\Danila\.m2\repository\commons-jxpath\commons-jxpath\1.3\commons-jxpath-1.3.jar;C:\Users\Danila\.m2\repository\joda-time\joda-time\2.3\joda-time-2.3.jar;C:\Users\Danila\.m2\repository\org\antlr\antlr-runtime\3.4\antlr-runtime-3.4.jar;C:\Users\Danila\.m2\repository\org\antlr\stringtemplate\3.2.1\stringtemplate-3.2.1.jar;C:\Users\Danila\.m2\repository\antlr\antlr\2.7.7\antlr-2.7.7.jar;C:\Users\Danila\.m2\repository\com\google\code\gson\gson\2.11.0\gson-2.11.0.jar;C:\Users\Danila\.m2\repository\com\netflix\servo\servo-core\0.5.3\servo-core-0.5.3.jar;C:\Users\Danila\.m2\repository\org\apache\commons\commons-math\2.2\commons-math-2.2.jar;C:\Users\Danila\.m2\repository\javax\annotation\javax.annotation-api\1.2\javax.annotation-api-1.2.jar;C:\Users\Danila\.m2\repository\org\codehaus\jettison\jettison\1.5.4\jettison-1.5.4.jar;C:\Users\Danila\.m2\repository\org\springframework\cloud\spring-cloud-starter-loadbalancer\4.2.0\spring-cloud-starter-loadbalancer-4.2.0.jar;C:\Users\Danila\.m2\repository\org\springframework\cloud\spring-cloud-loadbalancer\4.2.0\spring-cloud-loadbalancer-4.2.0.jar;C:\Users\Danila\.m2\repository\io\projectreactor\reactor-core\3.7.1\reactor-core-3.7.1.jar;C:\Users\Danila\.m2\repository\org\reactivestreams\reactive-streams\1.0.4\reactive-streams-1.0.4.jar;C:\Users\Danila\.m2\repository\io\projectreactor\addons\reactor-extra\3.5.2\reactor-extra-3.5.2.jar;C:\Users\Danila\.m2\repository\org\springframework\boot\spring-boot-starter-cache\3.4.1\spring-boot-starter-cache-3.4.1.jar;C:\Users\Danila\.m2\repository\org\springframework\spring-context-support\6.2.1\spring-context-support-6.2.1.jar;C:\Users\Danila\.m2\repository\com\stoyanr\evictor\1.0.0\evictor-1.0.0.jar;C:\Users\Danila\.m2\repository\com\sun\jersey\contribs\jersey-apache-client4\1.19.4\jersey-apache-client4-1.19.4.jar;C:\Users\Danila\.m2\repository\org\apache\httpcomponents\httpclient\4.1.1\httpclient-4.1.1.jar;C:\Users\Danila\.m2\repository\org\apache\httpcomponents\httpcore\4.4.16\httpcore-4.4.16.jar;C:\Users\Danila\.m2\repository\commons-logging\commons-logging\1.1.1\commons-logging-1.1.1.jar;C:\Users\Danila\.m2\repository\commons-codec\commons-codec\1.17.1\commons-codec-1.17.1.jar;C:\Users\Danila\.m2\repository\com\sun\jersey\jersey-client\1.19.4\jersey-client-1.19.4.jar;C:\Users\Danila\.m2\repository\com\sun\jersey\jersey-core\1.19.4\jersey-core-1.19.4.jar;C:\Users\Danila\.m2\repository\javax\ws\rs\jsr311-api\1.1.1\jsr311-api-1.1.1.jar;C:\Users\Danila\.m2\repository\org\springframework\cloud\spring-cloud-starter-config\4.2.0\spring-cloud-starter-config-4.2.0.jar;C:\Users\Danila\.m2\repository\org\springframework\cloud\spring-cloud-config-client\4.2.0\spring-cloud-config-client-4.2.0.jar;C:\Users\Danila\.m2\repository\com\fasterxml\jackson\core\jackson-databind\2.18.2\jackson-databind-2.18.2.jar;C:\Users\Danila\.m2\repository\org\projectlombok\lombok\1.18.36\lombok-1.18.36.jar;C:\Users\Danila\.m2\repository\jakarta\xml\bind\jakarta.xml.bind-api\4.0.2\jakarta.xml.bind-api-4.0.2.jar;C:\Users\Danila\.m2\repository\jakarta\activation\jakarta.activation-api\2.1.3\jakarta.activation-api-2.1.3.jar;C:\Users\Danila\.m2\repository\org\junit\jupiter\junit-jupiter-api\5.11.4\junit-jupiter-api-5.11.4.jar;C:\Users\Danila\.m2\repository\org\opentest4j\opentest4j\1.3.0\opentest4j-1.3.0.jar;C:\Users\Danila\.m2\repository\org\junit\platform\junit-platform-commons\1.11.4\junit-platform-commons-1.11.4.jar;C:\Users\Danila\.m2\repository\org\springframework\spring-core\6.2.1\spring-core-6.2.1.jar;C:\Users\Danila\.m2\repository\org\springframework\spring-jcl\6.2.1\spring-jcl-6.2.1.jar;C:\Users\Danila\.m2\repository\org\telegram\telegrambots-spring-boot-starter\6.7.0\telegrambots-spring-boot-starter-6.7.0.jar;C:\Users\Danila\.m2\repository\org\telegram\telegrambots\6.7.0\telegrambots-6.7.0.jar;C:\Users\Danila\.m2\repository\org\telegram\telegrambots-meta\6.7.0\telegrambots-meta-6.7.0.jar;C:\Users\Danila\.m2\repository\com\fasterxml\jackson\jaxrs\jackson-jaxrs-json-provider\2.18.2\jackson-jaxrs-json-provider-2.18.2.jar;C:\Users\Danila\.m2\repository\com\fasterxml\jackson\jaxrs\jackson-jaxrs-base\2.18.2\jackson-jaxrs-base-2.18.2.jar;C:\Users\Danila\.m2\repository\com\fasterxml\jackson\module\jackson-module-jaxb-annotations\2.18.2\jackson-module-jaxb-annotations-2.18.2.jar;C:\Users\Danila\.m2\repository\javax\xml\bind\jaxb-api\2.2.12\jaxb-api-2.2.12.jar;C:\Users\Danila\.m2\repository\org\glassfish\jersey\inject\jersey-hk2\3.1.9\jersey-hk2-3.1.9.jar;C:\Users\Danila\.m2\repository\org\glassfish\jersey\core\jersey-common\3.1.9\jersey-common-3.1.9.jar;C:\Users\Danila\.m2\repository\org\glassfish\hk2\osgi-resource-locator\1.0.3\osgi-resource-locator-1.0.3.jar;C:\Users\Danila\.m2\repository\org\glassfish\hk2\hk2-locator\3.0.6\hk2-locator-3.0.6.jar;C:\Users\Danila\.m2\repository\org\glassfish\hk2\external\aopalliance-repackaged\3.0.6\aopalliance-repackaged-3.0.6.jar;C:\Users\Danila\.m2\repository\org\glassfish\hk2\hk2-api\3.0.6\hk2-api-3.0.6.jar;C:\Users\Danila\.m2\repository\org\glassfish\hk2\hk2-utils\3.0.6\hk2-utils-3.0.6.jar;C:\Users\Danila\.m2\repository\org\javassist\javassist\3.30.2-GA\javassist-3.30.2-GA.jar;C:\Users\Danila\.m2\repository\org\glassfish\jersey\media\jersey-media-json-jackson\3.1.9\jersey-media-json-jackson-3.1.9.jar;C:\Users\Danila\.m2\repository\org\glassfish\jersey\ext\jersey-entity-filtering\3.1.9\jersey-entity-filtering-3.1.9.jar;C:\Users\Danila\.m2\repository\com\fasterxml\jackson\module\jackson-module-jakarta-xmlbind-annotations\2.18.2\jackson-module-jakarta-xmlbind-annotations-2.18.2.jar;C:\Users\Danila\.m2\repository\org\glassfish\jersey\containers\jersey-container-grizzly2-http\3.1.9\jersey-container-grizzly2-http-3.1.9.jar;C:\Users\Danila\.m2\repository\org\glassfish\grizzly\grizzly-http-server\4.0.2\grizzly-http-server-4.0.2.jar;C:\Users\Danila\.m2\repository\org\glassfish\grizzly\grizzly-http\4.0.2\grizzly-http-4.0.2.jar;C:\Users\Danila\.m2\repository\org\glassfish\grizzly\grizzly-framework\4.0.2\grizzly-framework-4.0.2.jar;C:\Users\Danila\.m2\repository\org\glassfish\jersey\core\jersey-server\3.1.9\jersey-server-3.1.9.jar;C:\Users\Danila\.m2\repository\org\glassfish\jersey\core\jersey-client\3.1.9\jersey-client-3.1.9.jar;C:\Users\Danila\.m2\repository\jakarta\validation\jakarta.validation-api\3.0.2\jakarta.validation-api-3.0.2.jar;C:\Users\Danila\.m2\repository\org\apache\httpcomponents\httpmime\4.5.13\httpmime-4.5.13.jar;C:\Users\Danila\.m2\repository\commons-io\commons-io\2.11.0\commons-io-2.11.0.jar;C:\Users\Danila\.m2\repository\org\springframework\boot\spring-boot\3.4.1\spring-boot-3.4.1.jar;C:\Users\Danila\.m2\repository\org\springframework\boot\spring-boot-autoconfigure\3.4.1\spring-boot-autoconfigure-3.4.1.jar;C:\Users\Danila\.m2\repository\org\junit\jupiter\junit-jupiter-engine\5.11.4\junit-jupiter-engine-5.11.4.jar;C:\Users\Danila\.m2\repository\org\junit\platform\junit-platform-engine\1.11.4\junit-platform-engine-1.11.4.jar;C:\Users\Danila\.m2\repository\org\apiguardian\apiguardian-api\1.1.2\apiguardian-api-1.1.2.jar;C:\Users\Danila\.m2\repository\org\slf4j\slf4j-api\2.0.16\slf4j-api-2.0.16.jar;C:\Users\Danila\.m2\repository\org\telegram\telegrambots-abilities\6.7.0\telegrambots-abilities-6.7.0.jar;C:\Users\Danila\.m2\repository\org\apache\commons\commons-lang3\3.17.0\commons-lang3-3.17.0.jar;C:\Users\Danila\.m2\repository\com\google\guava\guava\33.3.1-jre\guava-33.3.1-jre.jar;C:\Users\Danila\.m2\repository\com\google\guava\failureaccess\1.0.2\failureaccess-1.0.2.jar;C:\Users\Danila\.m2\repository\com\google\guava\listenablefuture\9999.0-empty-to-avoid-conflict-with-guava\listenablefuture-9999.0-empty-to-avoid-conflict-with-guava.jar;C:\Users\Danila\.m2\repository\com\google\code\findbugs\jsr305\3.0.2\jsr305-3.0.2.jar;C:\Users\Danila\.m2\repository\org\checkerframework\checker-qual\3.43.0\checker-qual-3.43.0.jar;C:\Users\Danila\.m2\repository\com\google\errorprone\error_prone_annotations\2.28.0\error_prone_annotations-2.28.0.jar;C:\Users\Danila\.m2\repository\com\google\j2objc\j2objc-annotations\3.0.0\j2objc-annotations-3.0.0.jar;C:\Users\Danila\.m2\repository\org\mapdb\mapdb\3.0.8\mapdb-3.0.8.jar;C:\Users\Danila\.m2\repository\org\jetbrains\kotlin\kotlin-stdlib\1.9.25\kotlin-stdlib-1.9.25.jar;C:\Users\Danila\.m2\repository\org\jetbrains\annotations\13.0\annotations-13.0.jar;C:\Users\Danila\.m2\repository\org\eclipse\collections\eclipse-collections-api\12.0.0.M3\eclipse-collections-api-12.0.0.M3.jar;C:\Users\Danila\.m2\repository\org\eclipse\collections\eclipse-collections\12.0.0.M3\eclipse-collections-12.0.0.M3.jar;C:\Users\Danila\.m2\repository\org\eclipse\collections\eclipse-collections-forkjoin\12.0.0.M3\eclipse-collections-forkjoin-12.0.0.M3.jar;C:\Users\Danila\.m2\repository\net\jpountz\lz4\lz4\1.3.0\lz4-1.3.0.jar;C:\Users\Danila\.m2\repository\org\mapdb\elsa\3.0.0-M5\elsa-3.0.0-M5.jar
Launcher Type: SUN_STANDARD

[Global flags]
     intx CICompilerCount                          = 4                                         {product} {ergonomic}
     uint ConcGCThreads                            = 3                                         {product} {ergonomic}
     uint G1ConcRefinementThreads                  = 10                                        {product} {ergonomic}
   size_t G1HeapRegionSize                         = 2097152                                   {product} {ergonomic}
    uintx GCDrainStackTargetSize                   = 64                                        {product} {ergonomic}
   size_t InitialHeapSize                          = 257949696                                 {product} {ergonomic}
     bool ManagementServer                         = true                                      {product} {command line}
   size_t MarkStackSize                            = 4194304                                   {product} {ergonomic}
   size_t MaxHeapSize                              = 4123000832                                {product} {ergonomic}
   size_t MinHeapDeltaBytes                        = 2097152                                   {product} {ergonomic}
   size_t MinHeapSize                              = 8388608                                   {product} {ergonomic}
    uintx NonNMethodCodeHeapSize                   = 4096                                   {pd product} {ergonomic}
    uintx NonProfiledCodeHeapSize                  = 0                                      {pd product} {ergonomic}
     bool ProfileInterpreter                       = false                                  {pd product} {command line}
    uintx ProfiledCodeHeapSize                     = 0                                      {pd product} {ergonomic}
   size_t SoftMaxHeapSize                          = 4123000832                             {manageable} {ergonomic}
     intx TieredStopAtLevel                        = 1                                         {product} {command line}
     bool UseCompressedOops                        = true                           {product lp64_product} {ergonomic}
     bool UseG1GC                                  = true                                      {product} {ergonomic}
     bool UseLargePagesIndividualAllocation        = false                                  {pd product} {ergonomic}

Logging:
Log output configuration:
 #0: stdout all=warning uptime,level,tags foldmultilines=false
 #1: stderr all=off uptime,level,tags foldmultilines=false

Environment Variables:
JAVA_HOME=C:\Program Files\Java\jdk-17\bin
PATH=C:\ProgramData\Oracle\Java\javapath;C:\Program Files (x86)\VMware\VMware Workstation\bin\;C:\Program Files\Common Files\Oracle\Java\javapath;C:\Program Files (x86)\Common Files\Oracle\Java\java8path;C:\Program Files (x86)\Common Files\Oracle\Java\javapath;C:\Windows\system32;C:\Windows;C:\Windows\System32\Wbem;C:\Windows\System32\WindowsPowerShell\v1.0\;C:\Windows\System32\OpenSSH\;C:\Program Files\Docker\Docker\resources\bin;C:\Program Files\dotnet\;C:\Program Files (x86)\Windows Kits\10\Windows Performance Toolkit\;C:\ProgramData\chocolatey\bin;C:\Program Files\Git\cmd;C:\Program Files\PostgreSQL\16\bin;C:\Program Files\nodejs\;JAVA_HOME=C:\Program Files\Java\jdk-17\bin;C:\Program Files\PuTTY\;C:\Users\Danila\AppData\Local\Programs\Python\Launcher\;C:\Users\Danila\AppData\Local\Microsoft\WindowsApps;C:\Program Files\JetBrains\IntelliJ IDEA 2023.3.5\bin;;C:\Program Files\JetBrains\PyCharm Community Edition 2024.3\bin;;C:\Users\Danila\AppData\Local\Programs\Microsoft VS Code\bin;C:\Program Files\PostgreSQL\16\bin;;C:\Program Files\JetBrains\IntelliJ IDEA Community Edition 2024.1\bin;;C:\Users\Danila\.dotnet\tools;C:\Users\Danila\AppData\Roaming\npm;C:\Program Files\JetBrains\DataGrip 2024.2.2\bin;
USERNAME=Danila
OS=Windows_NT
PROCESSOR_IDENTIFIER=AMD64 Family 23 Model 104 Stepping 1, AuthenticAMD
TMP=C:\Users\Danila\AppData\Local\Temp
TEMP=C:\Users\Danila\AppData\Local\Temp




Periodic native trim disabled

---------------  S Y S T E M  ---------------

OS:
 Windows 11 , 64 bit Build 22621 (10.0.22621.4391)
OS uptime: 1 days 18:33 hours
Hyper-V role detected

CPU: total 12 (initial active 12) (12 cores per cpu, 2 threads per core) family 23 model 104 stepping 1 microcode 0x0, cx8, cmov, fxsr, ht, mmx, 3dnowpref, sse, sse2, sse3, ssse3, sse4a, sse4.1, sse4.2, popcnt, lzcnt, tsc, tscinvbit, avx, avx2, aes, clmul, bmi1, bmi2, adx, sha, fma, vzeroupper, clflush, clflushopt, hv, rdtscp, rdpid, f16c
Processor Information for processor 0
  Max Mhz: 2100, Current Mhz: 2100, Mhz Limit: 2100
Processor Information for processor 1
  Max Mhz: 2100, Current Mhz: 1988, Mhz Limit: 2100
Processor Information for processor 2
  Max Mhz: 2100, Current Mhz: 1988, Mhz Limit: 2100
Processor Information for processor 3
  Max Mhz: 2100, Current Mhz: 2100, Mhz Limit: 2100
Processor Information for processor 4
  Max Mhz: 2100, Current Mhz: 1988, Mhz Limit: 2100
Processor Information for processor 5
  Max Mhz: 2100, Current Mhz: 2100, Mhz Limit: 2100
Processor Information for processor 6
  Max Mhz: 2100, Current Mhz: 2100, Mhz Limit: 2100
Processor Information for processor 7
  Max Mhz: 2100, Current Mhz: 1988, Mhz Limit: 2100
Processor Information for processor 8
  Max Mhz: 2100, Current Mhz: 2100, Mhz Limit: 2100
Processor Information for processor 9
  Max Mhz: 2100, Current Mhz: 1988, Mhz Limit: 2100
Processor Information for processor 10
  Max Mhz: 2100, Current Mhz: 2100, Mhz Limit: 2100
Processor Information for processor 11
  Max Mhz: 2100, Current Mhz: 1988, Mhz Limit: 2100

Memory: 4k page, system-wide physical 15722M (1121M free)
TotalPageFile size 23722M (AvailPageFile size 190M)
current process WorkingSet (physical memory assigned to process): 11M, peak: 11M
current process commit charge ("private bytes"): 59M, peak: 305M

vm_info: OpenJDK 64-Bit Server VM (21.0.5+11-LTS) for windows-amd64 JRE (21.0.5+11-LTS), built on 2024-10-15T00:00:00Z by "admin" with MS VC++ 17.7 (VS2022)

END.
